TN:
SF:/Users/thelostone-mc/Labs/damn-vulnerable-defi-echidna/node_modules/@gnosis.pm/safe-contracts/contracts/GnosisSafe.sol
DA:1,0
DA:19,0
DA:25,0
DA:26,0
DA:27,0
DA:29,0
DA:31,0
DA:33,0
DA:38,0
DA:41,0
DA:43,0
DA:45,0
DA:46,0
DA:47,0
DA:48,0
DA:49,0
DA:51,0
DA:52,0
DA:53,0
DA:54,0
DA:55,0
DA:56,0
DA:58,0
DA:59,0
DA:60,0
DA:61,0
DA:62,0
DA:63,0
DA:75,0
DA:86,0
DA:87,0
DA:89,0
DA:91,0
DA:94,0
DA:96,0
DA:111,0
DA:122,0
DA:123,0
DA:125,0
DA:126,0
DA:127,0
DA:129,0
DA:130,0
DA:131,0
DA:132,0
DA:133,0
DA:135,0
DA:136,0
DA:137,0
DA:138,0
DA:140,0
DA:143,0
DA:144,0
DA:145,0
DA:147,0
DA:149,0
DA:150,0
DA:152,0
DA:153,0
DA:154,0
DA:155,0
DA:156,0
DA:158,0
DA:159,0
DA:160,0
DA:161,0
DA:163,0
DA:164,0
DA:170,0
DA:172,0
DA:173,0
DA:176,0
DA:177,0
DA:180,0
DA:182,0
DA:183,0
DA:184,0
DA:186,0
DA:187,0
DA:190,0
DA:191,0
DA:196,0
DA:202,0
DA:204,0
DA:205,0
DA:207,0
DA:208,0
DA:210,0
DA:211,0
DA:221,0
DA:225,0
DA:227,0
DA:229,0
DA:230,0
DA:240,0
DA:245,0
DA:247,0
DA:249,0
DA:250,0
DA:251,0
DA:252,0
DA:253,0
DA:254,0
DA:255,0
DA:256,0
DA:257,0
DA:260,0
DA:265,0
DA:268,0
DA:271,0
DA:274,0
DA:276,0
DA:279,0
DA:283,0
DA:285,0
DA:286,0
DA:289,0
DA:291,0
DA:292,0
DA:295,0
DA:299,0
DA:301,0
DA:302,0
DA:315,0
DA:320,0
DA:321,0
DA:323,0
DA:324,0
DA:326,0
DA:333,0
DA:334,0
DA:335,0
DA:336,0
DA:340,0
DA:341,0
DA:344,0
DA:346,0
DA:349,0
DA:350,0
DA:365,0
DA:376,0
DA:377,0
DA:378,0
DA:379,0
DA:380,0
DA:381,0
DA:382,0
DA:383,0
DA:384,0
DA:385,0
DA:386,0
DA:387,0
DA:388,0
DA:389,0
DA:390,0
DA:393,0
DA:408,0
DA:419,0
DA:420,0
end_of_record

SF:/Users/thelostone-mc/Labs/damn-vulnerable-defi-echidna/node_modules/@gnosis.pm/safe-contracts/contracts/base/Executor.sol
DA:5,0
DA:7,0
DA:8,0
DA:14,0
DA:15,0
DA:16,0
DA:18,0
DA:23,0
end_of_record

SF:/Users/thelostone-mc/Labs/damn-vulnerable-defi-echidna/node_modules/@gnosis.pm/safe-contracts/contracts/base/FallbackManager.sol
DA:6,0
DA:8,0
DA:11,0
DA:12,0
DA:14,0
DA:15,0
DA:16,0
DA:17,0
DA:18,0
DA:22,0
DA:23,0
DA:24,0
DA:25,0
DA:26,0
DA:27,0
DA:28,0
DA:31,0
DA:33,0
DA:34,0
DA:35,0
DA:36,0
DA:37,0
DA:38,0
DA:40,0
DA:41,0
DA:42,0
DA:43,0
DA:44,0
DA:45,0
DA:46,0
DA:47,0
DA:48,0
DA:50,0
end_of_record

SF:/Users/thelostone-mc/Labs/damn-vulnerable-defi-echidna/node_modules/@gnosis.pm/safe-contracts/contracts/base/GuardManager.sol
DA:22,0
DA:27,0
DA:30,0
DA:33,0
DA:34,0
DA:35,0
DA:38,0
DA:40,0
DA:43,0
DA:44,0
DA:45,0
DA:46,0
DA:47,0
DA:48,0
DA:49,0
DA:51,0
end_of_record

SF:/Users/thelostone-mc/Labs/damn-vulnerable-defi-echidna/node_modules/@gnosis.pm/safe-contracts/contracts/base/ModuleManager.sol
DA:10,0
DA:16,0
DA:20,0
DA:21,0
DA:22,0
DA:23,0
DA:25,0
DA:32,0
DA:34,0
DA:36,0
DA:37,0
DA:38,0
DA:39,0
DA:47,0
DA:49,0
DA:50,0
DA:51,0
DA:52,0
DA:53,0
DA:61,0
DA:66,0
DA:68,0
DA:70,0
DA:71,0
DA:72,0
DA:80,0
DA:85,0
DA:86,0
DA:88,0
DA:90,0
DA:93,0
DA:95,0
DA:97,0
DA:99,0
DA:105,0
DA:106,0
DA:114,0
DA:116,0
DA:119,0
DA:120,0
DA:121,0
DA:122,0
DA:123,0
DA:124,0
DA:126,0
DA:129,0
DA:130,0
end_of_record

SF:/Users/thelostone-mc/Labs/damn-vulnerable-defi-echidna/node_modules/@gnosis.pm/safe-contracts/contracts/base/OwnerManager.sol
DA:8,0
DA:13,0
DA:22,0
DA:25,0
DA:27,0
DA:29,0
DA:31,0
DA:32,0
DA:34,0
DA:35,0
DA:37,0
DA:38,0
DA:39,0
DA:41,0
DA:42,0
DA:43,0
DA:51,0
DA:53,0
DA:55,0
DA:56,0
DA:57,0
DA:58,0
DA:59,0
DA:61,0
DA:70,0
DA:76,0
DA:78,0
DA:79,0
DA:80,0
DA:81,0
DA:82,0
DA:83,0
DA:85,0
DA:94,0
DA:100,0
DA:102,0
DA:104,0
DA:105,0
DA:106,0
DA:107,0
DA:108,0
DA:109,0
DA:110,0
DA:117,0
DA:119,0
DA:121,0
DA:122,0
DA:123,0
DA:126,0
DA:127,0
DA:130,0
DA:131,0
DA:136,0
DA:137,0
DA:140,0
DA:141,0
DA:142,0
DA:143,0
DA:144,0
DA:145,0
DA:147,0
end_of_record

SF:/Users/thelostone-mc/Labs/damn-vulnerable-defi-echidna/node_modules/@gnosis.pm/safe-contracts/contracts/common/Enum.sol
DA:6,0
end_of_record

SF:/Users/thelostone-mc/Labs/damn-vulnerable-defi-echidna/node_modules/@gnosis.pm/safe-contracts/contracts/common/EtherPaymentFallback.sol
DA:6,0
DA:11,0
end_of_record

SF:/Users/thelostone-mc/Labs/damn-vulnerable-defi-echidna/node_modules/@gnosis.pm/safe-contracts/contracts/common/SecuredTokenTransfer.sol
DA:6,0
DA:11,0
DA:15,0
DA:17,0
DA:19,0
DA:22,0
DA:23,0
DA:24,0
DA:25,0
DA:27,0
DA:28,0
DA:31,0
end_of_record

SF:/Users/thelostone-mc/Labs/damn-vulnerable-defi-echidna/node_modules/@gnosis.pm/safe-contracts/contracts/common/SelfAuthorized.sol
DA:6,0
DA:7,0
DA:8,0
DA:13,0
end_of_record

SF:/Users/thelostone-mc/Labs/damn-vulnerable-defi-echidna/node_modules/@gnosis.pm/safe-contracts/contracts/common/SignatureDecoder.sol
DA:6,0
DA:11,0
DA:15,0
DA:16,0
DA:17,0
DA:24,0
DA:25,0
DA:26,0
DA:27,0
DA:33,0
end_of_record

SF:/Users/thelostone-mc/Labs/damn-vulnerable-defi-echidna/node_modules/@gnosis.pm/safe-contracts/contracts/common/Singleton.sol
DA:7,0
end_of_record

SF:/Users/thelostone-mc/Labs/damn-vulnerable-defi-echidna/node_modules/@gnosis.pm/safe-contracts/contracts/common/StorageAccessible.sol
DA:6,0
DA:13,0
DA:14,0
DA:15,0
DA:17,0
DA:18,0
DA:19,0
DA:22,0
DA:36,0
DA:39,0
DA:41,0
DA:42,0
DA:43,0
DA:44,0
end_of_record

SF:/Users/thelostone-mc/Labs/damn-vulnerable-defi-echidna/node_modules/@gnosis.pm/safe-contracts/contracts/external/GnosisSafeMath.sol
DA:10,0
DA:14,0
DA:18,0
DA:19,0
DA:22,0
DA:23,0
DA:25,0
DA:31,0
DA:32,0
DA:33,0
DA:35,0
DA:41,0
DA:42,0
DA:43,0
DA:45,0
DA:51,0
DA:52,0
end_of_record

SF:/Users/thelostone-mc/Labs/damn-vulnerable-defi-echidna/node_modules/@gnosis.pm/safe-contracts/contracts/interfaces/ISignatureValidator.sol
DA:4,0
DA:6,0
end_of_record

SF:/Users/thelostone-mc/Labs/damn-vulnerable-defi-echidna/node_modules/@gnosis.pm/safe-contracts/contracts/proxies/GnosisSafeProxy.sol
DA:13,0
DA:20,0
DA:21,0
DA:22,0
DA:29,0
DA:31,0
DA:32,0
DA:33,0
DA:35,0
DA:36,0
DA:37,0
DA:38,0
DA:39,0
DA:41,0
end_of_record

SF:/Users/thelostone-mc/Labs/damn-vulnerable-defi-echidna/node_modules/@gnosis.pm/safe-contracts/contracts/proxies/IProxyCreationCallback.sol
end_of_record

SF:/Users/thelostone-mc/Labs/damn-vulnerable-defi-echidna/node_modules/@openzeppelin/contracts-upgradeable/access/OwnableUpgradeable.sol
DA:28,0
DA:29,0
DA:30,0
DA:33,0
DA:34,0
DA:40,0
DA:41,0
DA:48,0
DA:59,0
DA:60,0
DA:67,0
DA:68,0
DA:69,0
DA:72,0
DA:73,0
DA:74,0
DA:75,0
end_of_record

SF:/Users/thelostone-mc/Labs/damn-vulnerable-defi-echidna/node_modules/@openzeppelin/contracts-upgradeable/proxy/ERC1967/ERC1967UpgradeUpgradeable.sol
DA:23,0
DA:26,0
DA:33,0
DA:43,0
DA:44,0
DA:50,0
DA:51,0
DA:52,0
DA:60,0
DA:61,0
DA:62,0
DA:86,0
DA:90,0
DA:91,0
DA:94,0
DA:95,0
DA:96,0
DA:100,0
DA:101,0
DA:103,0
DA:104,0
DA:105,0
DA:106,0
DA:108,0
DA:110,0
DA:112,0
DA:207,0
DA:208,0
DA:211,0
DA:212,0
end_of_record

SF:/Users/thelostone-mc/Labs/damn-vulnerable-defi-echidna/node_modules/@openzeppelin/contracts-upgradeable/proxy/beacon/IBeaconUpgradeable.sol
end_of_record

SF:/Users/thelostone-mc/Labs/damn-vulnerable-defi-echidna/node_modules/@openzeppelin/contracts-upgradeable/proxy/utils/Initializable.sol
DA:31,0
DA:32,0
DA:34,0
DA:35,0
DA:36,0
DA:37,0
DA:42,0
DA:43,0
end_of_record

SF:/Users/thelostone-mc/Labs/damn-vulnerable-defi-echidna/node_modules/@openzeppelin/contracts-upgradeable/proxy/utils/UUPSUpgradeable.sol
DA:21,0
DA:22,0
DA:23,0
DA:26,0
DA:29,0
DA:39,0
DA:40,0
DA:51,0
DA:52,0
DA:53,0
DA:64,0
DA:65,0
DA:66,0
end_of_record

SF:/Users/thelostone-mc/Labs/damn-vulnerable-defi-echidna/node_modules/@openzeppelin/contracts-upgradeable/utils/AddressUpgradeable.sol
DA:8,0
DA:26,0
DA:31,0
DA:33,0
DA:35,0
DA:168,0
DA:172,0
DA:173,0
DA:174,0
DA:177,0
DA:181,0
DA:182,0
DA:185,0
end_of_record

SF:/Users/thelostone-mc/Labs/damn-vulnerable-defi-echidna/node_modules/@openzeppelin/contracts-upgradeable/utils/ContextUpgradeable.sol
DA:21,0
DA:23,0
DA:24,0
end_of_record

SF:/Users/thelostone-mc/Labs/damn-vulnerable-defi-echidna/node_modules/@openzeppelin/contracts-upgradeable/utils/StorageSlotUpgradeable.sol
DA:31,0
DA:51,0
DA:53,0
DA:60,0
DA:62,0
end_of_record

SF:/Users/thelostone-mc/Labs/damn-vulnerable-defi-echidna/node_modules/@openzeppelin/contracts/access/AccessControl.sol
DA:56,0
DA:69,0
DA:76,0
DA:77,0
DA:83,0
DA:84,0
DA:94,0
DA:95,0
DA:96,0
DA:98,0
DA:100,0
DA:102,0
DA:115,0
DA:116,0
DA:129,0
DA:130,0
DA:142,0
DA:143,0
DA:160,0
DA:161,0
DA:163,0
DA:182,0
DA:183,0
DA:191,0
DA:192,0
DA:193,0
DA:194,0
DA:197,0
DA:198,0
DA:199,0
DA:200,0
DA:204,0
DA:205,0
DA:206,0
DA:207,0
end_of_record

SF:/Users/thelostone-mc/Labs/damn-vulnerable-defi-echidna/node_modules/@openzeppelin/contracts/access/AccessControlEnumerable.sol
DA:20,0
DA:21,0
DA:36,0
DA:37,0
DA:44,0
DA:45,0
DA:51,0
DA:52,0
DA:53,0
DA:59,0
DA:60,0
DA:61,0
DA:67,0
DA:68,0
DA:69,0
DA:75,0
DA:76,0
DA:77,0
end_of_record

SF:/Users/thelostone-mc/Labs/damn-vulnerable-defi-echidna/node_modules/@openzeppelin/contracts/access/IAccessControl.sol
end_of_record

SF:/Users/thelostone-mc/Labs/damn-vulnerable-defi-echidna/node_modules/@openzeppelin/contracts/access/IAccessControlEnumerable.sol
end_of_record

SF:/Users/thelostone-mc/Labs/damn-vulnerable-defi-echidna/node_modules/@openzeppelin/contracts/access/Ownable.sol
DA:28,0
DA:34,0
DA:35,0
DA:42,0
DA:53,0
DA:54,0
DA:61,0
DA:62,0
DA:63,0
DA:66,0
DA:67,0
DA:68,0
DA:69,0
end_of_record

SF:/Users/thelostone-mc/Labs/damn-vulnerable-defi-echidna/node_modules/@openzeppelin/contracts/security/ReentrancyGuard.sol
DA:33,1
DA:34,0
DA:39,5
DA:51,0
DA:54,0
DA:60,0
end_of_record

SF:/Users/thelostone-mc/Labs/damn-vulnerable-defi-echidna/node_modules/@openzeppelin/contracts/token/ERC20/ERC20.sol
DA:34,0
DA:53,0
DA:54,0
DA:55,0
DA:61,0
DA:62,0
DA:69,0
DA:70,0
DA:86,0
DA:87,0
DA:93,0
DA:94,0
DA:100,0
DA:101,0
DA:112,0
DA:113,0
DA:114,0
DA:120,0
DA:121,0
DA:131,0
DA:132,0
DA:133,0
DA:149,0
DA:153,0
DA:154,0
DA:156,0
DA:157,0
DA:159,0
DA:162,0
DA:177,0
DA:178,0
DA:179,0
DA:196,0
DA:197,0
DA:198,0
DA:200,0
DA:203,0
DA:220,0
DA:224,0
DA:225,0
DA:226,0
DA:228,0
DA:230,0
DA:231,0
DA:233,0
DA:235,0
DA:237,0
DA:239,0
DA:251,0
DA:252,0
DA:254,0
DA:256,0
DA:257,0
DA:258,0
DA:260,0
DA:274,0
DA:275,0
DA:277,0
DA:279,0
DA:280,0
DA:282,0
DA:284,0
DA:286,0
DA:288,0
DA:304,0
DA:309,0
DA:310,0
DA:312,0
DA:313,0
DA:330,0
DA:350,0
end_of_record

SF:/Users/thelostone-mc/Labs/damn-vulnerable-defi-echidna/node_modules/@openzeppelin/contracts/token/ERC20/IERC20.sol
end_of_record

SF:/Users/thelostone-mc/Labs/damn-vulnerable-defi-echidna/node_modules/@openzeppelin/contracts/token/ERC20/extensions/ERC20Snapshot.sol
DA:87,0
DA:88,0
DA:90,0
DA:91,0
DA:92,0
DA:98,0
DA:99,0
DA:105,0
DA:106,0
DA:108,0
DA:114,0
DA:115,0
DA:117,0
DA:122,0
DA:127,0
DA:129,0
DA:131,0
DA:132,0
DA:133,0
DA:135,0
DA:136,0
DA:139,0
DA:140,0
DA:144,0
DA:145,0
DA:146,0
DA:162,0
DA:164,0
DA:165,0
DA:167,0
DA:171,0
DA:172,0
DA:175,0
DA:176,0
DA:179,0
DA:180,0
DA:181,0
DA:182,0
DA:183,0
DA:187,0
DA:188,0
DA:189,0
DA:191,0
end_of_record

SF:/Users/thelostone-mc/Labs/damn-vulnerable-defi-echidna/node_modules/@openzeppelin/contracts/token/ERC20/extensions/IERC20Metadata.sol
end_of_record

SF:/Users/thelostone-mc/Labs/damn-vulnerable-defi-echidna/node_modules/@openzeppelin/contracts/token/ERC721/ERC721.sol
DA:18,0
DA:43,0
DA:44,0
DA:45,0
DA:51,0
DA:52,0
DA:53,0
DA:54,0
DA:55,0
DA:61,0
DA:62,0
DA:63,0
DA:69,0
DA:70,0
DA:71,0
DA:72,0
DA:78,0
DA:79,0
DA:85,0
DA:86,0
DA:92,0
DA:93,0
DA:95,0
DA:96,0
DA:104,0
DA:105,0
DA:111,0
DA:112,0
DA:113,0
DA:115,0
DA:116,0
DA:120,0
DA:126,0
DA:127,0
DA:129,0
DA:135,0
DA:136,0
DA:138,0
DA:139,0
DA:145,0
DA:146,0
DA:152,0
DA:158,0
DA:160,0
DA:166,0
DA:171,0
DA:177,0
DA:183,0
DA:184,0
DA:205,0
DA:211,0
DA:212,0
DA:223,0
DA:224,0
DA:234,0
DA:235,0
DA:236,0
DA:237,0
DA:250,0
DA:251,0
DA:258,0
DA:263,0
DA:264,0
DA:265,0
DA:282,0
DA:283,0
DA:284,0
DA:286,0
DA:288,0
DA:289,0
DA:291,0
DA:304,0
DA:305,0
DA:307,0
DA:310,0
DA:312,0
DA:313,0
DA:315,0
DA:329,0
DA:334,0
DA:335,0
DA:337,0
DA:340,0
DA:342,0
DA:343,0
DA:344,0
DA:346,0
DA:354,0
DA:355,0
DA:356,0
DA:369,0
DA:374,0
DA:375,0
DA:376,0
DA:377,0
DA:379,0
DA:380,0
DA:383,0
DA:388,0
DA:406,0
end_of_record

SF:/Users/thelostone-mc/Labs/damn-vulnerable-defi-echidna/node_modules/@openzeppelin/contracts/token/ERC721/IERC721.sol
end_of_record

SF:/Users/thelostone-mc/Labs/damn-vulnerable-defi-echidna/node_modules/@openzeppelin/contracts/token/ERC721/IERC721Receiver.sol
end_of_record

SF:/Users/thelostone-mc/Labs/damn-vulnerable-defi-echidna/node_modules/@openzeppelin/contracts/token/ERC721/extensions/ERC721Burnable.sol
DA:20,0
DA:22,0
DA:23,0
end_of_record

SF:/Users/thelostone-mc/Labs/damn-vulnerable-defi-echidna/node_modules/@openzeppelin/contracts/token/ERC721/extensions/IERC721Metadata.sol
end_of_record

SF:/Users/thelostone-mc/Labs/damn-vulnerable-defi-echidna/node_modules/@openzeppelin/contracts/utils/Address.sol
DA:8,0
DA:26,0
DA:31,0
DA:33,0
DA:35,0
DA:54,0
DA:55,0
DA:57,0
DA:58,0
DA:79,0
DA:80,0
DA:89,0
DA:93,0
DA:94,0
DA:108,0
DA:112,0
DA:113,0
DA:122,0
DA:127,0
DA:128,0
DA:129,0
DA:131,0
DA:132,0
DA:195,0
DA:199,0
DA:200,0
DA:201,0
DA:204,0
DA:208,0
DA:209,0
DA:212,0
end_of_record

SF:/Users/thelostone-mc/Labs/damn-vulnerable-defi-echidna/node_modules/@openzeppelin/contracts/utils/Arrays.sol
DA:10,0
DA:20,0
DA:21,0
DA:22,0
DA:25,0
DA:26,0
DA:28,0
DA:29,0
DA:33,0
DA:34,0
DA:36,0
DA:41,0
DA:42,0
DA:44,0
end_of_record

SF:/Users/thelostone-mc/Labs/damn-vulnerable-defi-echidna/node_modules/@openzeppelin/contracts/utils/Context.sol
DA:16,0
DA:17,0
end_of_record

SF:/Users/thelostone-mc/Labs/damn-vulnerable-defi-echidna/node_modules/@openzeppelin/contracts/utils/Counters.sol
DA:13,0
DA:21,0
DA:22,0
DA:25,0
DA:27,0
end_of_record

SF:/Users/thelostone-mc/Labs/damn-vulnerable-defi-echidna/node_modules/@openzeppelin/contracts/utils/Strings.sol
DA:8,0
DA:14,0
DA:18,0
DA:19,0
DA:21,0
DA:22,0
DA:23,0
DA:24,0
DA:25,0
DA:27,0
DA:28,0
DA:29,0
DA:30,0
DA:31,0
DA:33,0
DA:55,0
DA:56,0
DA:57,0
DA:58,0
DA:59,0
DA:60,0
DA:61,0
DA:63,0
DA:64,0
end_of_record

SF:/Users/thelostone-mc/Labs/damn-vulnerable-defi-echidna/node_modules/@openzeppelin/contracts/utils/introspection/ERC165.sol
DA:25,0
DA:26,0
end_of_record

SF:/Users/thelostone-mc/Labs/damn-vulnerable-defi-echidna/node_modules/@openzeppelin/contracts/utils/introspection/IERC165.sol
end_of_record

SF:/Users/thelostone-mc/Labs/damn-vulnerable-defi-echidna/node_modules/@openzeppelin/contracts/utils/math/Math.sol
DA:8,0
DA:27,0
DA:29,0
end_of_record

SF:/Users/thelostone-mc/Labs/damn-vulnerable-defi-echidna/node_modules/@openzeppelin/contracts/utils/structs/EnumerableSet.sol
DA:29,0
DA:53,0
DA:54,0
DA:55,0
DA:58,0
DA:59,0
DA:61,0
DA:71,0
DA:73,0
DA:75,0
DA:81,0
DA:82,0
DA:84,0
DA:85,0
DA:88,0
DA:90,0
DA:94,0
DA:97,0
DA:99,0
DA:101,0
DA:108,0
DA:109,0
DA:115,0
DA:116,0
DA:129,0
DA:130,0
DA:223,0
DA:224,0
DA:233,0
DA:234,0
DA:247,0
DA:248,0
DA:261,0
DA:262,0
end_of_record

SF:/Users/thelostone-mc/Labs/damn-vulnerable-defi-echidna/node_modules/@uniswap/v2-core/contracts/interfaces/IUniswapV2Pair.sol
end_of_record

SF:/Users/thelostone-mc/Labs/damn-vulnerable-defi-echidna/contracts/DamnValuableNFT.sol
DA:14,0
DA:17,0
DA:20,0
DA:21,0
DA:22,0
DA:25,0
DA:26,0
DA:27,0
DA:28,0
DA:29,0
DA:32,0
DA:36,0
DA:38,0
end_of_record

SF:/Users/thelostone-mc/Labs/damn-vulnerable-defi-echidna/contracts/DamnValuableToken.sol
DA:11,0
DA:14,0
DA:15,0
end_of_record

SF:/Users/thelostone-mc/Labs/damn-vulnerable-defi-echidna/contracts/DamnValuableTokenSnapshot.sol
DA:11,0
DA:15,0
DA:16,0
DA:19,0
DA:20,0
DA:21,0
DA:24,0
DA:25,0
DA:28,0
DA:29,0
end_of_record

SF:/Users/thelostone-mc/Labs/damn-vulnerable-defi-echidna/contracts/backdoor/WalletRegistry.sol
DA:16,0
DA:18,0
DA:19,0
DA:20,0
DA:22,0
DA:23,0
DA:24,0
DA:26,0
DA:29,0
DA:31,0
DA:37,0
DA:38,0
DA:40,0
DA:41,0
DA:42,0
DA:44,0
DA:45,0
DA:49,0
DA:50,0
DA:53,0
DA:54,0
DA:61,0
DA:66,0
DA:68,0
DA:70,0
DA:73,0
DA:74,0
DA:77,0
DA:80,0
DA:81,0
DA:84,0
DA:86,0
DA:89,0
DA:92,0
DA:95,0
end_of_record

SF:/Users/thelostone-mc/Labs/damn-vulnerable-defi-echidna/contracts/climber/ClimberTimelock.sol
DA:11,0
DA:14,0
DA:15,0
DA:33,0
DA:35,0
DA:37,0
DA:41,0
DA:42,0
DA:45,0
DA:46,0
DA:48,0
DA:51,0
DA:52,0
DA:54,0
DA:55,0
DA:56,0
DA:57,0
DA:58,0
DA:59,0
DA:61,0
DA:65,0
DA:70,0
DA:71,0
DA:74,0
DA:79,0
DA:80,0
DA:81,0
DA:82,0
DA:84,0
DA:85,0
DA:87,0
DA:88,0
DA:92,0
DA:97,0
DA:98,0
DA:99,0
DA:100,0
DA:102,0
DA:104,0
DA:105,0
DA:108,0
DA:109,0
DA:112,0
DA:113,0
DA:114,0
DA:115,0
end_of_record

SF:/Users/thelostone-mc/Labs/damn-vulnerable-defi-echidna/contracts/climber/ClimberVault.sol
DA:16,0
DA:18,0
DA:19,0
DA:25,0
DA:30,0
DA:32,0
DA:34,0
DA:35,0
DA:38,0
DA:40,0
DA:41,0
DA:42,0
DA:46,0
DA:47,0
DA:48,0
DA:50,0
DA:52,0
DA:53,0
DA:57,0
DA:58,0
DA:59,0
DA:62,0
DA:63,0
DA:66,0
DA:67,0
DA:70,0
DA:71,0
DA:74,0
DA:75,0
DA:79,0
end_of_record

SF:/Users/thelostone-mc/Labs/damn-vulnerable-defi-echidna/contracts/compromised/Exchange.sol
DA:14,0
DA:18,0
DA:19,0
DA:24,0
DA:25,0
DA:26,0
DA:29,0
DA:30,0
DA:31,0
DA:34,0
DA:35,0
DA:37,0
DA:39,0
DA:41,0
DA:43,0
DA:46,0
DA:47,0
DA:48,0
DA:51,0
DA:52,0
DA:54,0
DA:55,0
DA:57,0
DA:59,0
end_of_record

SF:/Users/thelostone-mc/Labs/damn-vulnerable-defi-echidna/contracts/compromised/TrustfulOracle.sol
DA:13,0
DA:15,0
DA:16,0
DA:22,0
DA:27,0
DA:38,0
DA:39,0
DA:40,0
DA:41,0
DA:44,0
DA:45,0
DA:50,0
DA:59,0
DA:60,0
DA:61,0
DA:63,0
DA:66,0
DA:67,0
DA:70,0
DA:71,0
DA:74,0
DA:75,0
DA:76,0
DA:78,0
DA:79,0
DA:80,0
DA:83,0
DA:86,0
DA:87,0
DA:90,0
DA:91,0
DA:94,0
DA:95,0
DA:96,0
DA:97,0
DA:100,0
DA:101,0
DA:104,0
DA:105,0
DA:106,0
DA:107,0
DA:109,0
DA:113,0
DA:114,0
DA:115,0
DA:116,0
DA:117,0
DA:118,0
DA:119,0
DA:123,0
end_of_record

SF:/Users/thelostone-mc/Labs/damn-vulnerable-defi-echidna/contracts/compromised/TrustfulOracleInitializer.sol
DA:10,0
DA:14,0
DA:16,0
DA:22,0
DA:23,0
DA:24,0
end_of_record

SF:/Users/thelostone-mc/Labs/damn-vulnerable-defi-echidna/contracts/free-rider/FreeRiderBuyer.sol
DA:13,0
DA:18,0
DA:21,0
DA:22,0
DA:23,0
DA:24,0
DA:25,0
DA:29,0
DA:38,0
DA:40,0
DA:41,0
DA:42,0
DA:43,0
DA:45,0
DA:46,0
DA:47,0
DA:50,0
end_of_record

SF:/Users/thelostone-mc/Labs/damn-vulnerable-defi-echidna/contracts/free-rider/FreeRiderNFTMarketplace.sol
DA:12,0
DA:16,0
DA:17,0
DA:25,0
DA:26,0
DA:27,0
DA:29,0
DA:30,0
DA:34,0
DA:35,0
DA:36,0
DA:37,0
DA:41,0
DA:42,0
DA:44,0
DA:45,0
DA:49,0
DA:50,0
DA:51,0
DA:55,0
DA:57,0
DA:59,0
DA:62,0
DA:63,0
DA:64,0
DA:68,0
DA:69,0
DA:70,0
DA:72,0
DA:74,0
DA:77,0
DA:80,0
DA:82,0
end_of_record

SF:/Users/thelostone-mc/Labs/damn-vulnerable-defi-echidna/contracts/naive-receiver/FlashLoanReceiver.sol
DA:11,26
DA:16,31
DA:17,21
DA:21,0
DA:22,0
DA:24,0
DA:26,0
DA:28,0
DA:31,0
DA:35,0
end_of_record

SF:/Users/thelostone-mc/Labs/damn-vulnerable-defi-echidna/contracts/naive-receiver/NaiveReceiverEchidna.sol
DA:8,100
DA:9,33
DA:10,34
DA:12,25
DA:13,25
DA:16,43
DA:17,59
DA:20,43
DA:21,44
DA:25,24
DA:26,80
DA:29,24
DA:30,16
DA:40,0
DA:41,0
DA:44,0
DA:45,0
end_of_record

SF:/Users/thelostone-mc/Labs/damn-vulnerable-defi-echidna/contracts/naive-receiver/NaiveReceiverLenderPool.sol
DA:11,39
DA:15,1
DA:17,31
DA:18,2
DA:21,0
DA:23,0
DA:24,0
DA:27,0
DA:29,0
DA:30,0
DA:34,0
DA:37,0
DA:38,0
end_of_record

SF:/Users/thelostone-mc/Labs/damn-vulnerable-defi-echidna/contracts/puppet/PuppetPool.sol
DA:12,0
DA:16,0
DA:17,0
DA:18,0
DA:22,0
DA:23,0
DA:24,0
DA:28,0
DA:29,0
DA:31,0
DA:33,0
DA:34,0
DA:37,0
DA:40,0
DA:42,0
DA:45,0
DA:46,0
DA:49,0
DA:51,0
end_of_record

SF:/Users/thelostone-mc/Labs/damn-vulnerable-defi-echidna/contracts/selfie/SelfiePool.sol
DA:13,0
DA:17,0
DA:18,0
DA:23,0
DA:27,0
DA:28,0
DA:29,0
DA:32,0
DA:33,0
DA:34,0
DA:36,0
DA:38,0
DA:39,0
DA:40,0
DA:42,0
DA:43,0
DA:47,0
DA:49,0
DA:52,0
DA:53,0
DA:54,0
DA:56,0
end_of_record

SF:/Users/thelostone-mc/Labs/damn-vulnerable-defi-echidna/contracts/selfie/SimpleGovernance.sol
DA:11,0
DA:23,0
DA:25,0
DA:27,0
DA:32,0
DA:33,0
DA:34,0
DA:35,0
DA:38,0
DA:39,0
DA:40,0
DA:42,0
DA:44,0
DA:45,0
DA:46,0
DA:47,0
DA:48,0
DA:50,0
DA:52,0
DA:53,0
DA:56,0
DA:57,0
DA:59,0
DA:60,0
DA:62,0
DA:63,0
DA:64,0
DA:67,0
DA:70,0
DA:71,0
DA:79,0
DA:80,0
DA:81,0
DA:82,0
DA:83,0
DA:87,0
DA:88,0
DA:89,0
DA:90,0
end_of_record

SF:/Users/thelostone-mc/Labs/damn-vulnerable-defi-echidna/contracts/side-entrance/SideEntranceLenderPool.sol
DA:14,0
DA:19,0
DA:20,0
DA:23,0
DA:24,0
DA:25,0
DA:26,0
DA:29,0
DA:30,0
DA:31,0
DA:33,0
DA:35,0
end_of_record

SF:/Users/thelostone-mc/Labs/damn-vulnerable-defi-echidna/contracts/the-rewarder/AccountingToken.sol
DA:14,0
DA:16,0
DA:17,0
DA:18,0
DA:20,0
DA:21,0
DA:22,0
DA:23,0
DA:24,0
DA:27,0
DA:28,0
DA:29,0
DA:32,0
DA:33,0
DA:34,0
DA:37,0
DA:38,0
DA:39,0
DA:49,0
DA:50,0
end_of_record

SF:/Users/thelostone-mc/Labs/damn-vulnerable-defi-echidna/contracts/the-rewarder/FlashLoanerPool.sol
DA:15,0
DA:19,0
DA:21,0
DA:22,0
DA:25,0
DA:26,0
DA:27,0
DA:29,0
DA:31,0
DA:33,0
DA:34,0
DA:36,0
DA:40,0
end_of_record

SF:/Users/thelostone-mc/Labs/damn-vulnerable-defi-echidna/contracts/the-rewarder/RewardToken.sol
DA:13,0
DA:15,0
DA:17,0
DA:18,0
DA:19,0
DA:22,0
DA:23,0
DA:24,0
end_of_record

SF:/Users/thelostone-mc/Labs/damn-vulnerable-defi-echidna/contracts/the-rewarder/TheRewarderPool.sol
DA:14,0
DA:17,0
DA:19,0
DA:20,0
DA:22,0
DA:25,0
DA:29,0
DA:32,0
DA:35,0
DA:37,0
DA:39,0
DA:40,0
DA:41,0
DA:43,0
DA:49,0
DA:50,0
DA:52,0
DA:53,0
DA:55,0
DA:56,0
DA:60,0
DA:61,0
DA:62,0
DA:65,0
DA:66,0
DA:68,0
DA:69,0
DA:72,0
DA:73,0
DA:75,0
DA:76,0
DA:78,0
DA:79,0
DA:80,0
DA:84,0
DA:87,0
DA:88,0
DA:89,0
DA:90,0
DA:93,0
DA:94,0
DA:95,0
DA:96,0
DA:100,0
DA:101,0
end_of_record

SF:/Users/thelostone-mc/Labs/damn-vulnerable-defi-echidna/contracts/truster/TrusterLenderPool.sol
DA:13,0
DA:17,0
DA:19,0
DA:20,0
DA:23,0
DA:31,0
DA:32,0
DA:33,0
DA:35,0
DA:36,0
DA:38,0
DA:39,0
end_of_record

SF:/Users/thelostone-mc/Labs/damn-vulnerable-defi-echidna/contracts/unstoppable/ReceiverUnstoppable.sol
DA:12,0
DA:17,0
DA:18,0
DA:19,0
DA:23,0
DA:24,0
DA:26,0
DA:29,0
DA:30,0
DA:31,0
end_of_record

SF:/Users/thelostone-mc/Labs/damn-vulnerable-defi-echidna/contracts/unstoppable/UnstoppableLender.sol
DA:16,0
DA:18,0
DA:19,0
DA:21,0
DA:22,0
DA:23,0
DA:26,0
DA:27,0
DA:29,0
DA:30,0
DA:33,0
DA:34,0
DA:36,0
DA:37,0
DA:40,0
DA:42,0
DA:44,0
DA:46,0
DA:47,0
end_of_record

